34212 execve("./os", ["./os", "os_0_mlq_paging"], 0x7fff9d8580c0 /* 39 vars */) = 0
34212 brk(NULL)                         = 0x5b407fc31000
34212 mmap(NULL, 8192, PROT_READ|PROT_WRITE, MAP_PRIVATE|MAP_ANONYMOUS, -1, 0) = 0x7b1457d96000
34212 access("/etc/ld.so.preload", R_OK) = -1 ENOENT (No such file or directory)
34212 openat(AT_FDCWD, "/etc/ld.so.cache", O_RDONLY|O_CLOEXEC) = 3
34212 fstat(3, {st_mode=S_IFREG|0644, st_size=24115, ...}) = 0
34212 mmap(NULL, 24115, PROT_READ, MAP_PRIVATE, 3, 0) = 0x7b1457d90000
34212 close(3)                          = 0
34212 openat(AT_FDCWD, "/lib/x86_64-linux-gnu/libc.so.6", O_RDONLY|O_CLOEXEC) = 3
34212 read(3, "\177ELF\2\1\1\3\0\0\0\0\0\0\0\0\3\0>\0\1\0\0\0\220\243\2\0\0\0\0\0"..., 832) = 832
34212 pread64(3, "\6\0\0\0\4\0\0\0@\0\0\0\0\0\0\0@\0\0\0\0\0\0\0@\0\0\0\0\0\0\0"..., 784, 64) = 784
34212 fstat(3, {st_mode=S_IFREG|0755, st_size=2125328, ...}) = 0
34212 pread64(3, "\6\0\0\0\4\0\0\0@\0\0\0\0\0\0\0@\0\0\0\0\0\0\0@\0\0\0\0\0\0\0"..., 784, 64) = 784
34212 mmap(NULL, 2170256, PROT_READ, MAP_PRIVATE|MAP_DENYWRITE, 3, 0) = 0x7b1457a00000
34212 mmap(0x7b1457a28000, 1605632, PROT_READ|PROT_EXEC, MAP_PRIVATE|MAP_FIXED|MAP_DENYWRITE, 3, 0x28000) = 0x7b1457a28000
34212 mmap(0x7b1457bb0000, 323584, PROT_READ, MAP_PRIVATE|MAP_FIXED|MAP_DENYWRITE, 3, 0x1b0000) = 0x7b1457bb0000
34212 mmap(0x7b1457bff000, 24576, PROT_READ|PROT_WRITE, MAP_PRIVATE|MAP_FIXED|MAP_DENYWRITE, 3, 0x1fe000) = 0x7b1457bff000
34212 mmap(0x7b1457c05000, 52624, PROT_READ|PROT_WRITE, MAP_PRIVATE|MAP_FIXED|MAP_ANONYMOUS, -1, 0) = 0x7b1457c05000
34212 close(3)                          = 0
34212 mmap(NULL, 12288, PROT_READ|PROT_WRITE, MAP_PRIVATE|MAP_ANONYMOUS, -1, 0) = 0x7b1457d8d000
34212 arch_prctl(ARCH_SET_FS, 0x7b1457d8d740) = 0
34212 set_tid_address(0x7b1457d8da10)   = 34212
34212 set_robust_list(0x7b1457d8da20, 24) = 0
34212 rseq(0x7b1457d8e060, 0x20, 0, 0x53053053) = 0
34212 mprotect(0x7b1457bff000, 16384, PROT_READ) = 0
34212 mprotect(0x5b406d451000, 4096, PROT_READ) = 0
34212 mprotect(0x7b1457dce000, 8192, PROT_READ) = 0
34212 prlimit64(0, RLIMIT_STACK, NULL, {rlim_cur=8192*1024, rlim_max=RLIM64_INFINITY}) = 0
34212 munmap(0x7b1457d90000, 24115)     = 0
34212 getrandom("\xfc\xc8\xbb\x42\x01\xae\x8c\x6b", 8, GRND_NONBLOCK) = 8
34212 brk(NULL)                         = 0x5b407fc31000
34212 brk(0x5b407fc52000)               = 0x5b407fc52000
34212 openat(AT_FDCWD, "input/os_0_mlq_paging", O_RDONLY) = 3
34212 fstat(3, {st_mode=S_IFREG|0644, st_size=61, ...}) = 0
34212 read(3, "6 2 4\n1048576 16777216 0 0 0\n0 p"..., 4096) = 61
34212 read(3, "", 4096)                 = 0
34212 rt_sigaction(SIGRT_1, {sa_handler=0x7b1457a99530, sa_mask=[], sa_flags=SA_RESTORER|SA_ONSTACK|SA_RESTART|SA_SIGINFO, sa_restorer=0x7b1457a45330}, NULL, 8) = 0
34212 rt_sigprocmask(SIG_UNBLOCK, [RTMIN RT_1], NULL, 8) = 0
34212 mmap(NULL, 8392704, PROT_NONE, MAP_PRIVATE|MAP_ANONYMOUS|MAP_STACK, -1, 0) = 0x7b14571ff000
34212 mprotect(0x7b1457200000, 8388608, PROT_READ|PROT_WRITE) = 0
34212 rt_sigprocmask(SIG_BLOCK, ~[], [], 8) = 0
34212 clone3({flags=CLONE_VM|CLONE_FS|CLONE_FILES|CLONE_SIGHAND|CLONE_THREAD|CLONE_SYSVSEM|CLONE_SETTLS|CLONE_PARENT_SETTID|CLONE_CHILD_CLEARTID, child_tid=0x7b14579ff990, parent_tid=0x7b14579ff990, exit_signal=0, stack=0x7b14571ff000, stack_size=0x7fff80, tls=0x7b14579ff6c0} => {parent_tid=[34213]}, 88) = 34213
34213 rseq(0x7b14579fffe0, 0x20, 0, 0x53053053 <unfinished ...>
34212 rt_sigprocmask(SIG_SETMASK, [],  <unfinished ...>
34213 <... rseq resumed>)               = 0
34212 <... rt_sigprocmask resumed>NULL, 8) = 0
34212 mmap(NULL, 1052672, PROT_READ|PROT_WRITE, MAP_PRIVATE|MAP_ANONYMOUS, -1, 0 <unfinished ...>
34213 set_robust_list(0x7b14579ff9a0, 24 <unfinished ...>
34212 <... mmap resumed>)               = 0x7b1457c8c000
34213 <... set_robust_list resumed>)    = 0
34213 rt_sigprocmask(SIG_SETMASK, [], NULL, 8) = 0
34213 fstat(1, {st_mode=S_IFCHR|0620, st_rdev=makedev(0x88, 0x6), ...}) = 0
34213 mmap(NULL, 134217728, PROT_NONE, MAP_PRIVATE|MAP_ANONYMOUS, -1, 0) = 0x7b144f1ff000
34213 munmap(0x7b144f1ff000, 14684160)  = 0
34212 brk(0x5b407fc73000 <unfinished ...>
34213 munmap(0x7b1454000000, 52424704 <unfinished ...>
34212 <... brk resumed>)                = 0x5b407fc73000
34212 mmap(NULL, 16781312, PROT_READ|PROT_WRITE, MAP_PRIVATE|MAP_ANONYMOUS, -1, 0 <unfinished ...>
34213 <... munmap resumed>)             = 0
34212 <... mmap resumed>)               = 0x7b14561fe000
34213 mprotect(0x7b1450000000, 135168, PROT_READ|PROT_WRITE) = 0
34213 write(1, "Time slot   0\n", 14)   = 14
34213 futex(0x5b407fc32900, FUTEX_WAIT_BITSET_PRIVATE|FUTEX_CLOCK_REALTIME, 0, NULL, FUTEX_BITSET_MATCH_ANY <unfinished ...>
34212 brk(0x5b407fc94000)               = 0x5b407fc94000
34212 brk(0x5b407fcb5000)               = 0x5b407fcb5000
34212 brk(0x5b407fcd6000)               = 0x5b407fcd6000
34212 brk(0x5b407fcf7000)               = 0x5b407fcf7000
34212 brk(0x5b407fd18000)               = 0x5b407fd18000
34212 brk(0x5b407fd39000)               = 0x5b407fd39000
34212 brk(0x5b407fd5a000)               = 0x5b407fd5a000
34212 brk(0x5b407fd7b000)               = 0x5b407fd7b000
34212 brk(0x5b407fd9c000)               = 0x5b407fd9c000
34212 brk(0x5b407fdbd000)               = 0x5b407fdbd000
34212 brk(0x5b407fdde000)               = 0x5b407fdde000
34212 brk(0x5b407fdff000)               = 0x5b407fdff000
34212 brk(0x5b407fe20000)               = 0x5b407fe20000
34212 brk(0x5b407fe41000)               = 0x5b407fe41000
34212 brk(0x5b407fe62000)               = 0x5b407fe62000
34212 mmap(NULL, 8392704, PROT_NONE, MAP_PRIVATE|MAP_ANONYMOUS|MAP_STACK, -1, 0) = 0x7b14559fd000
34212 mprotect(0x7b14559fe000, 8388608, PROT_READ|PROT_WRITE) = 0
34212 rt_sigprocmask(SIG_BLOCK, ~[], [], 8) = 0
34212 clone3({flags=CLONE_VM|CLONE_FS|CLONE_FILES|CLONE_SIGHAND|CLONE_THREAD|CLONE_SYSVSEM|CLONE_SETTLS|CLONE_PARENT_SETTID|CLONE_CHILD_CLEARTID, child_tid=0x7b14561fd990, parent_tid=0x7b14561fd990, exit_signal=0, stack=0x7b14559fd000, stack_size=0x7fff80, tls=0x7b14561fd6c0} => {parent_tid=[34214]}, 88) = 34214
34212 rt_sigprocmask(SIG_SETMASK, [], NULL, 8) = 0
34214 rseq(0x7b14561fdfe0, 0x20, 0, 0x53053053) = 0
34212 mmap(NULL, 8392704, PROT_NONE, MAP_PRIVATE|MAP_ANONYMOUS|MAP_STACK, -1, 0) = 0x7b14551fc000
34214 set_robust_list(0x7b14561fd9a0, 24 <unfinished ...>
34212 mprotect(0x7b14551fd000, 8388608, PROT_READ|PROT_WRITE <unfinished ...>
34214 <... set_robust_list resumed>)    = 0
34212 <... mprotect resumed>)           = 0
34214 rt_sigprocmask(SIG_SETMASK, [],  <unfinished ...>
34212 rt_sigprocmask(SIG_BLOCK, ~[],  <unfinished ...>
34214 <... rt_sigprocmask resumed>NULL, 8) = 0
34212 <... rt_sigprocmask resumed>[], 8) = 0
34212 clone3({flags=CLONE_VM|CLONE_FS|CLONE_FILES|CLONE_SIGHAND|CLONE_THREAD|CLONE_SYSVSEM|CLONE_SETTLS|CLONE_PARENT_SETTID|CLONE_CHILD_CLEARTID, child_tid=0x7b14559fc990, parent_tid=0x7b14559fc990, exit_signal=0, stack=0x7b14551fc000, stack_size=0x7fff80, tls=0x7b14559fc6c0} <unfinished ...>
34214 write(1, "ld_routine\n", 11 <unfinished ...>
34212 <... clone3 resumed> => {parent_tid=[34215]}, 88) = 34215
34215 rseq(0x7b14559fcfe0, 0x20, 0, 0x53053053 <unfinished ...>
34212 rt_sigprocmask(SIG_SETMASK, [],  <unfinished ...>
34214 <... write resumed>)              = 11
34214 mmap(NULL, 134217728, PROT_NONE, MAP_PRIVATE|MAP_ANONYMOUS, -1, 0 <unfinished ...>
34212 <... rt_sigprocmask resumed>NULL, 8) = 0
34215 <... rseq resumed>)               = 0
34214 <... mmap resumed>)               = 0x7b1448000000
34212 mmap(NULL, 8392704, PROT_NONE, MAP_PRIVATE|MAP_ANONYMOUS|MAP_STACK, -1, 0 <unfinished ...>
34215 set_robust_list(0x7b14559fc9a0, 24 <unfinished ...>
34214 munmap(0x7b144c000000, 67108864 <unfinished ...>
34212 <... mmap resumed>)               = 0x7b14549fb000
34212 mprotect(0x7b14549fc000, 8388608, PROT_READ|PROT_WRITE <unfinished ...>
34215 <... set_robust_list resumed>)    = 0
34214 <... munmap resumed>)             = 0
34212 <... mprotect resumed>)           = 0
34212 rt_sigprocmask(SIG_BLOCK, ~[],  <unfinished ...>
34215 rt_sigprocmask(SIG_SETMASK, [],  <unfinished ...>
34214 mprotect(0x7b1448000000, 135168, PROT_READ|PROT_WRITE <unfinished ...>
34212 <... rt_sigprocmask resumed>[], 8) = 0
34215 <... rt_sigprocmask resumed>NULL, 8) = 0
34214 <... mprotect resumed>)           = 0
34212 clone3({flags=CLONE_VM|CLONE_FS|CLONE_FILES|CLONE_SIGHAND|CLONE_THREAD|CLONE_SYSVSEM|CLONE_SETTLS|CLONE_PARENT_SETTID|CLONE_CHILD_CLEARTID, child_tid=0x7b14551fb990, parent_tid=0x7b14551fb990, exit_signal=0, stack=0x7b14549fb000, stack_size=0x7fff80, tls=0x7b14551fb6c0} <unfinished ...>
34215 futex(0x5b407fc327b8, FUTEX_WAIT_BITSET_PRIVATE|FUTEX_CLOCK_REALTIME, 0, NULL, FUTEX_BITSET_MATCH_ANY <unfinished ...>
34214 openat(AT_FDCWD, "input/proc/p0s", O_RDONLY) = 4
34212 <... clone3 resumed> => {parent_tid=[34216]}, 88) = 34216
34216 rseq(0x7b14551fbfe0, 0x20, 0, 0x53053053 <unfinished ...>
34214 fstat(4,  <unfinished ...>
34216 <... rseq resumed>)               = 0
34216 set_robust_list(0x7b14551fb9a0, 24 <unfinished ...>
34214 <... fstat resumed>{st_mode=S_IFREG|0644, st_size=154, ...}) = 0
34212 rt_sigprocmask(SIG_SETMASK, [],  <unfinished ...>
34216 <... set_robust_list resumed>)    = 0
34214 read(4,  <unfinished ...>
34216 rt_sigprocmask(SIG_SETMASK, [], NULL, 8) = 0
34214 <... read resumed>"1 14\ncalc\nalloc 300 0\nalloc 300 "..., 4096) = 154
34212 <... rt_sigprocmask resumed>NULL, 8) = 0
34216 futex(0x5b407fc32888, FUTEX_WAIT_BITSET_PRIVATE|FUTEX_CLOCK_REALTIME, 0, NULL, FUTEX_BITSET_MATCH_ANY <unfinished ...>
34212 futex(0x7b14559fc990, FUTEX_WAIT_BITSET|FUTEX_CLOCK_REALTIME, 34215, NULL, FUTEX_BITSET_MATCH_ANY <unfinished ...>
34214 write(1, "\tLoaded a process at input/proc/"..., 52) = 52
34214 futex(0x5b407fc32900, FUTEX_WAKE_PRIVATE, 1) = 1
34213 <... futex resumed>)              = 0
34214 futex(0x5b407fc32958, FUTEX_WAIT_BITSET_PRIVATE|FUTEX_CLOCK_REALTIME, 0, NULL, FUTEX_BITSET_MATCH_ANY <unfinished ...>
34213 futex(0x5b407fc32908, FUTEX_WAKE_PRIVATE, 1) = 0
34213 futex(0x5b407fc32958, FUTEX_WAKE_PRIVATE, 1 <unfinished ...>
34214 <... futex resumed>)              = 0
34213 <... futex resumed>)              = 1
34214 futex(0x5b407fc32960, FUTEX_WAIT_PRIVATE, 2, NULL) = -1 EAGAIN (Resource temporarily unavailable)
34213 futex(0x5b407fc32960, FUTEX_WAKE_PRIVATE, 1 <unfinished ...>
34214 futex(0x5b407fc32960, FUTEX_WAKE_PRIVATE, 1 <unfinished ...>
34213 <... futex resumed>)              = 0
34214 <... futex resumed>)              = 0
34213 futex(0x5b407fc32888, FUTEX_WAKE_PRIVATE, 1 <unfinished ...>
34214 openat(AT_FDCWD, "input/proc/p1s", O_RDONLY <unfinished ...>
34216 <... futex resumed>)              = 0
34214 <... openat resumed>)             = 5
34213 <... futex resumed>)              = 1
34216 futex(0x5b407fc32890, FUTEX_WAIT_PRIVATE, 2, NULL <unfinished ...>
34214 fstat(5,  <unfinished ...>
34213 futex(0x5b407fc32890, FUTEX_WAKE_PRIVATE, 1 <unfinished ...>
34216 <... futex resumed>)              = -1 EAGAIN (Resource temporarily unavailable)
34214 <... fstat resumed>{st_mode=S_IFREG|0644, st_size=55, ...}) = 0
34213 <... futex resumed>)              = 0
34216 futex(0x5b407fc32890, FUTEX_WAKE_PRIVATE, 1 <unfinished ...>
34214 read(5,  <unfinished ...>
34216 <... futex resumed>)              = 0
34213 futex(0x5b407fc327b8, FUTEX_WAKE_PRIVATE, 1 <unfinished ...>
34216 write(1, "\tCPU 1: Dispatched process  1\n", 30 <unfinished ...>
34214 <... read resumed>"1 10\ncalc\ncalc\ncalc\ncalc\ncalc\nca"..., 4096) = 55
34215 <... futex resumed>)              = 0
34213 <... futex resumed>)              = 1
34216 <... write resumed>)              = 30
34214 futex(0x5b407fc3295c, FUTEX_WAIT_BITSET_PRIVATE|FUTEX_CLOCK_REALTIME, 0, NULL, FUTEX_BITSET_MATCH_ANY <unfinished ...>
34215 futex(0x5b407fc327c0, FUTEX_WAIT_PRIVATE, 2, NULL <unfinished ...>
34216 futex(0x5b407fc3288c, FUTEX_WAIT_BITSET_PRIVATE|FUTEX_CLOCK_REALTIME, 0, NULL, FUTEX_BITSET_MATCH_ANY <unfinished ...>
34213 futex(0x5b407fc327c0, FUTEX_WAKE_PRIVATE, 1 <unfinished ...>
34215 <... futex resumed>)              = -1 EAGAIN (Resource temporarily unavailable)
34215 futex(0x5b407fc327c0, FUTEX_WAKE_PRIVATE, 1) = 0
34213 <... futex resumed>)              = 0
34215 futex(0x5b407fc327bc, FUTEX_WAIT_BITSET_PRIVATE|FUTEX_CLOCK_REALTIME, 0, NULL, FUTEX_BITSET_MATCH_ANY <unfinished ...>
34213 write(1, "Time slot   1\n", 14)   = 14
34213 futex(0x5b407fc3295c, FUTEX_WAKE_PRIVATE, 1 <unfinished ...>
34214 <... futex resumed>)              = 0
34213 <... futex resumed>)              = 1
34214 futex(0x5b407fc32960, FUTEX_WAIT_PRIVATE, 2, NULL <unfinished ...>
34213 futex(0x5b407fc32960, FUTEX_WAKE_PRIVATE, 1 <unfinished ...>
34214 <... futex resumed>)              = 0
34213 <... futex resumed>)              = 1
34214 futex(0x5b407fc32960, FUTEX_WAKE_PRIVATE, 1 <unfinished ...>
34213 futex(0x5b407fc3288c, FUTEX_WAKE_PRIVATE, 1 <unfinished ...>
34214 <... futex resumed>)              = 0
34216 <... futex resumed>)              = 0
34214 write(1, "\tLoaded a process at input/proc/"..., 53 <unfinished ...>
34213 <... futex resumed>)              = 1
34216 futex(0x5b407fc32890, FUTEX_WAIT_PRIVATE, 2, NULL <unfinished ...>
34214 <... write resumed>)              = 53
34213 futex(0x5b407fc32890, FUTEX_WAKE_PRIVATE, 1 <unfinished ...>
34216 <... futex resumed>)              = -1 EAGAIN (Resource temporarily unavailable)
34214 futex(0x5b407fc32958, FUTEX_WAIT_BITSET_PRIVATE|FUTEX_CLOCK_REALTIME, 0, NULL, FUTEX_BITSET_MATCH_ANY <unfinished ...>
34213 <... futex resumed>)              = 0
34216 futex(0x5b407fc32890, FUTEX_WAKE_PRIVATE, 1) = 0
34213 futex(0x5b407fc327bc, FUTEX_WAKE_PRIVATE, 1 <unfinished ...>
34215 <... futex resumed>)              = 0
34213 <... futex resumed>)              = 1
34215 futex(0x5b407fc327c0, FUTEX_WAIT_PRIVATE, 2, NULL) = -1 EAGAIN (Resource temporarily unavailable)
34213 futex(0x5b407fc327c0, FUTEX_WAKE_PRIVATE, 1 <unfinished ...>
34215 futex(0x5b407fc327c0, FUTEX_WAKE_PRIVATE, 1 <unfinished ...>
34213 <... futex resumed>)              = 0
34215 <... futex resumed>)              = 0
34213 write(1, "Time slot   2\n", 14 <unfinished ...>
34215 futex(0x7b1457c05710, FUTEX_WAIT_PRIVATE, 2, NULL <unfinished ...>
34213 <... write resumed>)              = 14
34213 futex(0x7b1457c05710, FUTEX_WAKE_PRIVATE, 1 <unfinished ...>
34215 <... futex resumed>)              = 0
34213 <... futex resumed>)              = 1
34215 write(1, "\tCPU 0: Dispatched process  2\n", 30 <unfinished ...>
34213 futex(0x5b407fc32830, FUTEX_WAIT_BITSET_PRIVATE|FUTEX_CLOCK_REALTIME, 0, NULL, FUTEX_BITSET_MATCH_ANY <unfinished ...>
34215 <... write resumed>)              = 30
34215 futex(0x7b1457c05710, FUTEX_WAKE_PRIVATE, 1) = 0
34215 futex(0x5b407fc327b8, FUTEX_WAIT_BITSET_PRIVATE|FUTEX_CLOCK_REALTIME, 0, NULL, FUTEX_BITSET_MATCH_ANY <unfinished ...>
34212 <... futex resumed>)              = ? ERESTARTSYS (To be restarted if SA_RESTART is set)
34212 --- SIGINT {si_signo=SIGINT, si_code=SI_KERNEL} ---
34213 <... futex resumed>)              = ?
34215 <... futex resumed>)              = ?
34214 <... futex resumed>)              = ?
34216 +++ killed by SIGINT +++
34215 +++ killed by SIGINT +++
34214 +++ killed by SIGINT +++
34213 +++ killed by SIGINT +++
34212 +++ killed by SIGINT +++
